#
# A fatal error has been detected by the Java Runtime Environment:
#
#  SIGSEGV (0xb) at pc=0x000000010adf3d68, pid=16732, tid=0x0000000000004f03
#
# JRE version: Java(TM) SE Runtime Environment (8.0_101-b13) (build 1.8.0_101-b13)
# Java VM: Java HotSpot(TM) 64-Bit Server VM (25.101-b13 mixed mode bsd-amd64 compressed oops)
# Problematic frame:
# C  [libjdwp.dylib+0x21d68]  jvmtiAllocate+0x1d
#
# Failed to write core dump. Core dumps have been disabled. To enable core dumping, try "ulimit -c unlimited" before starting Java again
#
# If you would like to submit a bug report, please visit:
#   http://bugreport.java.com/bugreport/crash.jsp
# The crash happened outside the Java Virtual Machine in native code.
# See problematic frame for where to report the bug.
#

---------------  T H R E A D  ---------------

Current thread (0x00007f8ef180a800):  JavaThread "JDWP Command Reader" daemon [_thread_in_native, id=20227, stack(0x000070000dfcc000,0x000070000e0cc000)]

siginfo: si_signo: 11 (SIGSEGV), si_code: 1 (SEGV_MAPERR), si_addr: 0x0000000000000000

Registers:
RAX=0x0000000000000000, RBX=0x000000010ef5d38a, RCX=0x0000000000000009, RDX=0x000070000e0cbb49
RSP=0x000070000e0cbb00, RBP=0x000070000e0cbb30, RSI=0x000000000000f000, RDI=0x0000000000000022
R8 =0x000070000e0cbb49, R9 =0x0000000000000000, R10=0x000000000000002e, R11=0x00007fffb23d0b46
R12=0x000000010adf9e7a, R13=0x00007f8ef0209880, R14=0x000000000000000a, R15=0x000000010adf8891
RIP=0x000000010adf3d68, EFLAGS=0x0000000000010206, ERR=0x0000000000000004
  TRAPNO=0x000000000000000e

Top of Stack: (sp=0x000070000e0cbb00)
0x000070000e0cbb00:   0000000000000004 ffffffffffffffe7
0x000070000e0cbb10:   0000000000000000 0000000000000107
0x000070000e0cbb20:   000000010ef5d38a 000000000000000a
0x000070000e0cbb30:   000070000e0cbc60 000000010ef5c792
0x000070000e0cbb40:   0000000000000000 6c69662064614268
0x000070000e0cbb50:   6972637365642065 00000000726f7470
0x000070000e0cbb60:   0000000000000000 0000000000000000
0x000070000e0cbb70:   0000000000000000 0000000000000000
0x000070000e0cbb80:   0000000000000000 0000000000000000
0x000070000e0cbb90:   0000000000000000 0000000000000000
0x000070000e0cbba0:   0000000000000000 0000000000000000
0x000070000e0cbbb0:   0000000000000000 0000000000000000
0x000070000e0cbbc0:   0000000000000000 0000000000000000
0x000070000e0cbbd0:   0000000000000000 0000000000000000
0x000070000e0cbbe0:   0000000000000000 0000000000000000
0x000070000e0cbbf0:   0000000000000000 0000000000000000
0x000070000e0cbc00:   0000000000000000 0000000000000000
0x000070000e0cbc10:   0000000000000000 0000000000000000
0x000070000e0cbc20:   0000000000000000 0000000000000000
0x000070000e0cbc30:   0000000000000000 0000000000000000
0x000070000e0cbc40:   0000000000000000 3cdc05fa29120039
0x000070000e0cbc50:   000070000e0cbce0 000000010adf9e95
0x000070000e0cbc60:   000070000e0cbc90 000000010ef5c2ff
0x000070000e0cbc70:   000070000e0cbcb0 000000010adf4a19
0x000070000e0cbc80:   000070000e0cbce0 000000010adf9e95
0x000070000e0cbc90:   000070000e0cbcb0 000000010adf0b71
0x000070000e0cbca0:   000000010adf9e6e 000000010adf9e95
0x000070000e0cbcb0:   000070000e0cbd20 000000010ade09c9
0x000070000e0cbcc0:   0000000000000019 000070000e0cbd00
0x000070000e0cbcd0:   0000000000085501 0000000000004f03
0x000070000e0cbce0:   0000007600000013 0000000000010900
0x000070000e0cbcf0:   00007f8ef0206fa0 00007f8ef180a800 

Instructions: (pc=0x000000010adf3d68)
0x000000010adf3d48:   5e 5d c3 55 48 89 e5 41 56 53 48 83 ec 20 85 ff
0x000000010adf3d58:   0f 84 85 00 00 00 48 8b 05 33 18 01 00 48 8b 00
0x000000010adf3d68:   48 8b 08 48 63 f7 48 8d 55 e8 48 89 c7 ff 91 68
0x000000010adf3d78:   01 00 00 85 c0 74 5e 89 c3 89 df e8 66 ce fe ff 

Register to memory mapping:

RAX=0x0000000000000000 is an unknown value
RBX=0x000000010ef5d38a: dbgsysConnect+0x2fe in /Library/Java/JavaVirtualMachines/jdk1.8.0_101.jdk/Contents/Home/jre/lib/libdt_socket.dylib at 0x000000010ef5b000
RCX=0x0000000000000009 is an unknown value
RDX=0x000070000e0cbb49 is pointing into the stack for thread: 0x00007f8ef180a800
RSP=0x000070000e0cbb00 is pointing into the stack for thread: 0x00007f8ef180a800
RBP=0x000070000e0cbb30 is pointing into the stack for thread: 0x00007f8ef180a800
RSI=0x000000000000f000 is an unknown value
RDI=0x0000000000000022 is an unknown value
R8 =0x000070000e0cbb49 is pointing into the stack for thread: 0x00007f8ef180a800
R9 =0x0000000000000000 is an unknown value
R10=0x000000000000002e is an unknown value
R11=0x00007fffb23d0b46: pthread_getspecific+0 in /usr/lib/system/libsystem_pthread.dylib at 0x00007fffb23cf000
R12=0x000000010adf9e7a: util_initialize+0x25dd in /Library/Java/JavaVirtualMachines/jdk1.8.0_101.jdk/Contents/Home/jre/lib/libjdwp.dylib at 0x000000010add2000
R13=0x00007f8ef0209880 is an unknown value
R14=0x000000000000000a is an unknown value
R15=0x000000010adf8891: util_initialize+0xff4 in /Library/Java/JavaVirtualMachines/jdk1.8.0_101.jdk/Contents/Home/jre/lib/libjdwp.dylib at 0x000000010add2000


Stack: [0x000070000dfcc000,0x000070000e0cc000],  sp=0x000070000e0cbb00,  free space=1022k
Native frames: (J=compiled Java code, j=interpreted, Vv=VM code, C=native code)
C  [libjdwp.dylib+0x21d68]  jvmtiAllocate+0x1d
C  [libdt_socket.dylib+0x1792]  setLastError+0x87
C  [libdt_socket.dylib+0x12ff]  socketTransport_readPacket+0x67
C  [libjdwp.dylib+0x1eb71]  transport_receivePacket+0x1a
C  [libjdwp.dylib+0xe9c9]  reader+0x72
V  [libjvm.dylib+0x399438]  JvmtiAgentThread::call_start_function()+0x38
V  [libjvm.dylib+0x5695ab]  JavaThread::thread_main_inner()+0x9b
V  [libjvm.dylib+0x56ac98]  JavaThread::run()+0x1c2
V  [libjvm.dylib+0x48933a]  java_start(Thread*)+0xf6
C  [libsystem_pthread.dylib+0x3aab]  _pthread_body+0xb4
C  [libsystem_pthread.dylib+0x39f7]  _pthread_body+0x0
C  [libsystem_pthread.dylib+0x31fd]  thread_start+0xd
C  0x0000000000000000


---------------  P R O C E S S  ---------------

Java Threads: ( => current thread )
  0x00007f8ef2000000 JavaThread "Exec Stream Pumper" daemon [_thread_in_native, id=26371, stack(0x000070000eb18000,0x000070000ec18000)]
  0x00007f8ef3014800 JavaThread "Exec Stream Pumper" daemon [_thread_in_native, id=25859, stack(0x000070000ea15000,0x000070000eb15000)]
  0x00007f8ef0a9f000 JavaThread "process reaper" daemon [_thread_in_native, id=25347, stack(0x000070000e9ea000,0x000070000ea12000)]
  0x00007f8eef333800 JavaThread "UrlChecker-2" daemon [_thread_blocked, id=24835, stack(0x000070000e8e7000,0x000070000e9e7000)]
  0x00007f8eef334000 JavaThread "Exec Default Executor" daemon [_thread_blocked, id=24323, stack(0x000070000e7e4000,0x000070000e8e4000)]
  0x00007f8eef882000 JavaThread "ReaderThread" [_thread_blocked, id=23811, stack(0x000070000e6e1000,0x000070000e7e1000)]
  0x00007f8eef06e800 JavaThread "Service Thread" daemon [_thread_blocked, id=22787, stack(0x000070000e4db000,0x000070000e5db000)]
  0x00007f8ef2800000 JavaThread "C1 CompilerThread3" daemon [_thread_blocked, id=22275, stack(0x000070000e3d8000,0x000070000e4d8000)]
  0x00007f8ef1007800 JavaThread "C2 CompilerThread2" daemon [_thread_blocked, id=21763, stack(0x000070000e2d5000,0x000070000e3d5000)]
  0x00007f8ef1006800 JavaThread "C2 CompilerThread1" daemon [_thread_blocked, id=21251, stack(0x000070000e1d2000,0x000070000e2d2000)]
  0x00007f8ef1005000 JavaThread "C2 CompilerThread0" daemon [_thread_blocked, id=20739, stack(0x000070000e0cf000,0x000070000e1cf000)]
=>0x00007f8ef180a800 JavaThread "JDWP Command Reader" daemon [_thread_in_native, id=20227, stack(0x000070000dfcc000,0x000070000e0cc000)]
  0x00007f8ef081f800 JavaThread "JDWP Event Helper Thread" daemon [_thread_blocked, id=19715, stack(0x000070000dec9000,0x000070000dfc9000)]
  0x00007f8ef0813800 JavaThread "JDWP Transport Listener: dt_socket" daemon [_thread_blocked, id=19203, stack(0x000070000ddc6000,0x000070000dec6000)]
  0x00007f8eef066000 JavaThread "Signal Dispatcher" daemon [_thread_blocked, id=18691, stack(0x000070000dcc3000,0x000070000ddc3000)]
  0x00007f8ef0805800 JavaThread "Finalizer" daemon [_thread_blocked, id=14595, stack(0x000070000dbc0000,0x000070000dcc0000)]
  0x00007f8ef1004000 JavaThread "Reference Handler" daemon [_thread_blocked, id=14083, stack(0x000070000dabd000,0x000070000dbbd000)]
  0x00007f8eef803000 JavaThread "main" [_thread_blocked, id=7171, stack(0x000070000d09f000,0x000070000d19f000)]

Other Threads:
  0x00007f8eef05f800 VMThread [stack: 0x000070000d9ba000,0x000070000daba000] [id=13571]

VM state:at safepoint (normal execution)

VM Mutex/Monitor currently owned by a thread:  ([mutex/lock_event])
[0x00007f8ef0004250] Threads_lock - owner thread: 0x00007f8eef05f800

Heap:
 PSYoungGen      total 76288K, used 56997K [0x000000076ab00000, 0x0000000770000000, 0x00000007c0000000)
  eden space 65536K, 86% used [0x000000076ab00000,0x000000076e2a95d0,0x000000076eb00000)
  from space 10752K, 0% used [0x000000076f580000,0x000000076f580000,0x0000000770000000)
  to   space 10752K, 0% used [0x000000076eb00000,0x000000076eb00000,0x000000076f580000)
 ParOldGen       total 175104K, used 0K [0x00000006c0000000, 0x00000006cab00000, 0x000000076ab00000)
  object space 175104K, 0% used [0x00000006c0000000,0x00000006c0000000,0x00000006cab00000)
 Metaspace       used 15707K, capacity 15978K, committed 16128K, reserved 1062912K
  class space    used 1959K, capacity 2034K, committed 2048K, reserved 1048576K

Card table byte_map: [0x000000010b1dd000,0x000000010b9de000] byte_map_base: 0x0000000107bdd000

Marking Bits: (ParMarkBitMap*) 0x000000010a6edd20
 Begin Bits: [0x00000001215ea000, 0x00000001255ea000)
 End Bits:   [0x00000001255ea000, 0x00000001295ea000)

Polling page: 0x0000000108de7000

CodeCache: size=245760Kb used=4167Kb max_used=4175Kb free=241592Kb
 bounds [0x00000001125ea000, 0x0000000112a0a000, 0x00000001215ea000]
 total_blobs=1495 nmethods=1132 adapters=285
 compilation: enabled

Compilation events (10 events):
Event: 4.925 Thread 0x00007f8ef2800000 nmethod 1127 0x00000001129fc490 code [0x00000001129fc600, 0x00000001129fc790]
Event: 4.925 Thread 0x00007f8ef2800000 1128       3       java.io.BufferedWriter::ensureOpen (18 bytes)
Event: 4.925 Thread 0x00007f8ef2800000 nmethod 1128 0x00000001129fdd10 code [0x00000001129fdea0, 0x00000001129fe108]
Event: 4.925 Thread 0x00007f8ef2800000 1130       1       org.testng.shaded.com.google.gson.reflect.TypeToken::getType (5 bytes)
Event: 4.925 Thread 0x00007f8ef2800000 nmethod 1130 0x00000001129ffcd0 code [0x00000001129ffe20, 0x00000001129fff30]
Event: 4.925 Thread 0x00007f8ef2800000 1131       3       java.io.Writer::write (11 bytes)
Event: 4.926 Thread 0x00007f8ef1006800 nmethod 1124 0x00000001129fff90 code [0x0000000112a00120, 0x0000000112a00538]
Event: 4.926 Thread 0x00007f8ef2800000 nmethod 1131 0x00000001129fd750 code [0x00000001129fd8c0, 0x00000001129fdbe8]
Event: 4.926 Thread 0x00007f8ef2800000 1132  s    3       java.util.Hashtable::containsKey (65 bytes)
Event: 4.927 Thread 0x00007f8ef2800000 nmethod 1132 0x00000001129fccd0 code [0x00000001129fce80, 0x00000001129fd4b8]

GC Heap History (0 events):
No events

Deoptimization events (10 events):
Event: 1.048 Thread 0x00007f8eef803000 Uncommon trap: reason=range_check action=none pc=0x00000001128563ac method=sun.reflect.generics.parser.SignatureParser.current()C @ 34
Event: 1.048 Thread 0x00007f8eef803000 Uncommon trap: reason=range_check action=none pc=0x00000001128563ac method=sun.reflect.generics.parser.SignatureParser.current()C @ 34
Event: 1.057 Thread 0x00007f8eef803000 Uncommon trap: reason=range_check action=none pc=0x00000001128563ac method=sun.reflect.generics.parser.SignatureParser.current()C @ 34
Event: 1.058 Thread 0x00007f8eef803000 Uncommon trap: reason=range_check action=none pc=0x00000001128563ac method=sun.reflect.generics.parser.SignatureParser.current()C @ 34
Event: 1.058 Thread 0x00007f8eef803000 Uncommon trap: reason=range_check action=none pc=0x00000001128563ac method=sun.reflect.generics.parser.SignatureParser.current()C @ 34
Event: 1.059 Thread 0x00007f8eef803000 Uncommon trap: reason=range_check action=none pc=0x00000001128563ac method=sun.reflect.generics.parser.SignatureParser.current()C @ 34
Event: 1.062 Thread 0x00007f8eef803000 Uncommon trap: reason=unstable_if action=reinterpret pc=0x00000001129a1894 method=java.util.concurrent.ConcurrentHashMap.putVal(Ljava/lang/Object;Ljava/lang/Object;Z)Ljava/lang/Object; @ 181
Event: 1.118 Thread 0x00007f8eef803000 Uncommon trap: reason=unstable_if action=reinterpret pc=0x00000001129bb628 method=java.util.regex.Pattern$BmpCharProperty.match(Ljava/util/regex/Matcher;ILjava/lang/CharSequence;)Z @ 34
Event: 4.916 Thread 0x00007f8eef803000 Uncommon trap: reason=unstable_if action=reinterpret pc=0x00000001129f1120 method=java.util.concurrent.ConcurrentHashMap.get(Ljava/lang/Object;)Ljava/lang/Object; @ 152
Event: 4.917 Thread 0x00007f8eef803000 Uncommon trap: reason=unstable_if action=reinterpret pc=0x000000011280f648 method=java.lang.AbstractStringBuilder.append(Ljava/lang/String;)Ljava/lang/AbstractStringBuilder; @ 1

Internal exceptions (10 events):
Event: 0.977 Thread 0x00007f8eef333800 Exception <a 'java/net/ConnectException'> (0x000000076d036070) thrown at [/HUDSON3/workspace/8-2-build-macosx-x86_64/jdk8u101/7261/hotspot/src/share/vm/prims/jni.cpp, line 709]
Event: 0.988 Thread 0x00007f8eef333800 Exception <a 'java/net/ConnectException'> (0x000000076d0373a8) thrown at [/HUDSON3/workspace/8-2-build-macosx-x86_64/jdk8u101/7261/hotspot/src/share/vm/prims/jni.cpp, line 709]
Event: 1.048 Thread 0x00007f8eef803000 Exception <a 'java/lang/ArrayIndexOutOfBoundsException': 90> (0x000000076d57bcf0) thrown at [/HUDSON3/workspace/8-2-build-macosx-x86_64/jdk8u101/7261/hotspot/src/share/vm/interpreter/interpreterRuntime.cpp, line 366]
Event: 1.048 Thread 0x00007f8eef803000 Exception <a 'java/lang/ArrayIndexOutOfBoundsException': 105> (0x000000076d57d660) thrown at [/HUDSON3/workspace/8-2-build-macosx-x86_64/jdk8u101/7261/hotspot/src/share/vm/interpreter/interpreterRuntime.cpp, line 366]
Event: 1.058 Thread 0x00007f8eef803000 Exception <a 'java/lang/ArrayIndexOutOfBoundsException': 139> (0x000000076d5cbdd0) thrown at [/HUDSON3/workspace/8-2-build-macosx-x86_64/jdk8u101/7261/hotspot/src/share/vm/interpreter/interpreterRuntime.cpp, line 366]
Event: 1.058 Thread 0x00007f8eef803000 Exception <a 'java/lang/ArrayIndexOutOfBoundsException': 68> (0x000000076d5d2178) thrown at [/HUDSON3/workspace/8-2-build-macosx-x86_64/jdk8u101/7261/hotspot/src/share/vm/interpreter/interpreterRuntime.cpp, line 366]
Event: 1.058 Thread 0x00007f8eef803000 Exception <a 'java/lang/ArrayIndexOutOfBoundsException': 119> (0x000000076d5d3cd0) thrown at [/HUDSON3/workspace/8-2-build-macosx-x86_64/jdk8u101/7261/hotspot/src/share/vm/interpreter/interpreterRuntime.cpp, line 366]
Event: 1.059 Thread 0x00007f8eef803000 Exception <a 'java/lang/ArrayIndexOutOfBoundsException': 139> (0x000000076d5da6d8) thrown at [/HUDSON3/workspace/8-2-build-macosx-x86_64/jdk8u101/7261/hotspot/src/share/vm/interpreter/interpreterRuntime.cpp, line 366]
Event: 4.917 Thread 0x00007f8eef803000 Implicit null exception at 0x000000011280f139 to 0x000000011280f62d
Event: 4.920 Thread 0x00007f8eef803000 Exception <a 'java/lang/reflect/InvocationTargetException'> (0x000000076dffd7d0) thrown at [/HUDSON3/workspace/8-2-build-macosx-x86_64/jdk8u101/7261/hotspot/src/share/vm/runtime/reflection.cpp, line 1092]

Events (10 events):
Event: 4.924 Thread 0x00007f8eef803000 DEOPT UNPACKING pc=0x0000000112631633 sp=0x000070000d19d508 mode 1
Event: 4.925 Thread 0x00007f8eef803000 DEOPT PACKING pc=0x000000011296318c sp=0x000070000d19d720
Event: 4.925 Thread 0x00007f8eef803000 DEOPT UNPACKING pc=0x0000000112631633 sp=0x000070000d19d4f8 mode 1
Event: 4.926 loading class java/util/IdentityHashMap$KeyIterator
Event: 4.926 loading class java/util/IdentityHashMap$IdentityHashMapIterator
Event: 4.926 loading class java/util/IdentityHashMap$IdentityHashMapIterator done
Event: 4.926 loading class java/util/IdentityHashMap$KeyIterator done
Event: 4.926 Thread 0x00007f8ef0ae5800 Thread added: 0x00007f8ef0ae5800
Event: 4.926 Thread 0x00007f8ef0ae5800 Thread exited: 0x00007f8ef0ae5800
Event: 4.927 Executing VM operation: Exit


Dynamic libraries:
0x00000000278b2000 	/System/Library/Frameworks/Cocoa.framework/Versions/A/Cocoa
0x00000000278b2000 	/System/Library/Frameworks/Security.framework/Versions/A/Security
0x00000000278b2000 	/System/Library/Frameworks/ApplicationServices.framework/Versions/A/ApplicationServices
0x00000000278b2000 	/usr/lib/libz.1.dylib
0x00000000278b2000 	/usr/lib/libSystem.B.dylib
0x00000000278b2000 	/usr/lib/libobjc.A.dylib
0x00000000278b2000 	/System/Library/Frameworks/CoreFoundation.framework/Versions/A/CoreFoundation
0x00000000278b2000 	/System/Library/Frameworks/Foundation.framework/Versions/C/Foundation
0x00000000278b2000 	/System/Library/Frameworks/AppKit.framework/Versions/C/AppKit
0x00000000278b2000 	/System/Library/Frameworks/CoreData.framework/Versions/A/CoreData
0x00000000278b2000 	/System/Library/PrivateFrameworks/RemoteViewServices.framework/Versions/A/RemoteViewServices
0x00000000278b2000 	/System/Library/PrivateFrameworks/UIFoundation.framework/Versions/A/UIFoundation
0x00000000278b2000 	/System/Library/PrivateFrameworks/DFRFoundation.framework/Versions/A/DFRFoundation
0x00000000278b2000 	/usr/lib/libenergytrace.dylib
0x00000000278b2000 	/System/Library/PrivateFrameworks/SkyLight.framework/Versions/A/SkyLight
0x00000000278b2000 	/System/Library/Frameworks/CoreGraphics.framework/Versions/A/CoreGraphics
0x00000000278b2000 	/usr/lib/libScreenReader.dylib
0x00000000278b2000 	/System/Library/Frameworks/Accelerate.framework/Versions/A/Accelerate
0x00000000278b2000 	/System/Library/Frameworks/IOSurface.framework/Versions/A/IOSurface
0x00000000278b2000 	/System/Library/Frameworks/AudioToolbox.framework/Versions/A/AudioToolbox
0x00000000278b2000 	/System/Library/Frameworks/AudioUnit.framework/Versions/A/AudioUnit
0x00000000278b2000 	/System/Library/PrivateFrameworks/DataDetectorsCore.framework/Versions/A/DataDetectorsCore
0x00000000278b2000 	/System/Library/PrivateFrameworks/DesktopServicesPriv.framework/Versions/A/DesktopServicesPriv
0x00000000278b2000 	/System/Library/Frameworks/Carbon.framework/Versions/A/Frameworks/HIToolbox.framework/Versions/A/HIToolbox
0x00000000278b2000 	/usr/lib/libicucore.A.dylib
0x00000000278b2000 	/System/Library/Frameworks/QuartzCore.framework/Versions/A/QuartzCore
0x00000000278b2000 	/System/Library/Frameworks/Carbon.framework/Versions/A/Frameworks/SpeechRecognition.framework/Versions/A/SpeechRecognition
0x00000000278b2000 	/usr/lib/libauto.dylib
0x00000000278b2000 	/usr/lib/libxml2.2.dylib
0x00000000278b2000 	/System/Library/PrivateFrameworks/CoreUI.framework/Versions/A/CoreUI
0x00000000278b2000 	/System/Library/Frameworks/CoreAudio.framework/Versions/A/CoreAudio
0x00000000278b2000 	/System/Library/Frameworks/DiskArbitration.framework/Versions/A/DiskArbitration
0x00000000278b2000 	/usr/lib/liblangid.dylib
0x00000000278b2000 	/System/Library/PrivateFrameworks/MultitouchSupport.framework/Versions/A/MultitouchSupport
0x00000000278b2000 	/System/Library/Frameworks/IOKit.framework/Versions/A/IOKit
0x00000000278b2000 	/usr/lib/libDiagnosticMessagesClient.dylib
0x00000000278b2000 	/System/Library/Frameworks/CoreServices.framework/Versions/A/CoreServices
0x00000000278b2000 	/System/Library/PrivateFrameworks/PerformanceAnalysis.framework/Versions/A/PerformanceAnalysis
0x00000000278b2000 	/System/Library/PrivateFrameworks/GenerationalStorage.framework/Versions/A/GenerationalStorage
0x00000000278b2000 	/System/Library/Frameworks/OpenGL.framework/Versions/A/OpenGL
0x00000000278b2000 	/System/Library/Frameworks/CoreImage.framework/Versions/A/CoreImage
0x00000000278b2000 	/System/Library/Frameworks/CoreText.framework/Versions/A/CoreText
0x00000000278b2000 	/System/Library/Frameworks/ImageIO.framework/Versions/A/ImageIO
0x00000000278b2000 	/System/Library/PrivateFrameworks/Backup.framework/Versions/A/Backup
0x00000000278b2000 	/usr/lib/libarchive.2.dylib
0x00000000278b2000 	/System/Library/Frameworks/CFNetwork.framework/Versions/A/CFNetwork
0x00000000278b2000 	/System/Library/Frameworks/SystemConfiguration.framework/Versions/A/SystemConfiguration
0x00000000278b2000 	/usr/lib/libCRFSuite.dylib
0x00000000278b2000 	/usr/lib/libc++.1.dylib
0x00000000278b2000 	/usr/lib/libc++abi.dylib
0x00000000278b2000 	/usr/lib/system/libcache.dylib
0x00000000278b2000 	/usr/lib/system/libcommonCrypto.dylib
0x00000000278b2000 	/usr/lib/system/libcompiler_rt.dylib
0x00000000278b2000 	/usr/lib/system/libcopyfile.dylib
0x00000000278b2000 	/usr/lib/system/libcorecrypto.dylib
0x00000000278b2000 	/usr/lib/system/libdispatch.dylib
0x00000000278b2000 	/usr/lib/system/libdyld.dylib
0x00000000278b2000 	/usr/lib/system/libkeymgr.dylib
0x00000000278b2000 	/usr/lib/system/liblaunch.dylib
0x00000000278b2000 	/usr/lib/system/libmacho.dylib
0x00000000278b2000 	/usr/lib/system/libquarantine.dylib
0x00000000278b2000 	/usr/lib/system/libremovefile.dylib
0x00000000278b2000 	/usr/lib/system/libsystem_asl.dylib
0x00000000278b2000 	/usr/lib/system/libsystem_blocks.dylib
0x00000000278b2000 	/usr/lib/system/libsystem_c.dylib
0x00000000278b2000 	/usr/lib/system/libsystem_configuration.dylib
0x00000000278b2000 	/usr/lib/system/libsystem_coreservices.dylib
0x00000000278b2000 	/usr/lib/system/libsystem_coretls.dylib
0x00000000278b2000 	/usr/lib/system/libsystem_dnssd.dylib
0x00000000278b2000 	/usr/lib/system/libsystem_info.dylib
0x00000000278b2000 	/usr/lib/system/libsystem_kernel.dylib
0x00000000278b2000 	/usr/lib/system/libsystem_m.dylib
0x00000000278b2000 	/usr/lib/system/libsystem_malloc.dylib
0x00000000278b2000 	/usr/lib/system/libsystem_network.dylib
0x00000000278b2000 	/usr/lib/system/libsystem_networkextension.dylib
0x00000000278b2000 	/usr/lib/system/libsystem_notify.dylib
0x00000000278b2000 	/usr/lib/system/libsystem_platform.dylib
0x00000000278b2000 	/usr/lib/system/libsystem_pthread.dylib
0x00000000278b2000 	/usr/lib/system/libsystem_sandbox.dylib
0x00000000278b2000 	/usr/lib/system/libsystem_secinit.dylib
0x00000000278b2000 	/usr/lib/system/libsystem_symptoms.dylib
0x00000000278b2000 	/usr/lib/system/libsystem_trace.dylib
0x00000000278b2000 	/usr/lib/system/libunwind.dylib
0x00000000278b2000 	/usr/lib/system/libxpc.dylib
0x00000000278b2000 	/usr/lib/libbsm.0.dylib
0x00000000278b2000 	/usr/lib/system/libkxld.dylib
0x00000000278b2000 	/usr/lib/libcoretls.dylib
0x00000000278b2000 	/usr/lib/libcoretls_cfhelpers.dylib
0x00000000278b2000 	/usr/lib/libxar.1.dylib
0x00000000278b2000 	/usr/lib/libsqlite3.dylib
0x00000000278b2000 	/usr/lib/libpam.2.dylib
0x00000000278b2000 	/usr/lib/libOpenScriptingUtil.dylib
0x00000000278b2000 	/usr/lib/libbz2.1.0.dylib
0x00000000278b2000 	/usr/lib/liblzma.5.dylib
0x00000000278b2000 	/usr/lib/libnetwork.dylib
0x00000000278b2000 	/usr/lib/libpcap.A.dylib
0x00000000278b2000 	/System/Library/Frameworks/CoreServices.framework/Versions/A/Frameworks/FSEvents.framework/Versions/A/FSEvents
0x00000000278b2000 	/System/Library/Frameworks/CoreServices.framework/Versions/A/Frameworks/CarbonCore.framework/Versions/A/CarbonCore
0x00000000278b2000 	/System/Library/Frameworks/CoreServices.framework/Versions/A/Frameworks/Metadata.framework/Versions/A/Metadata
0x00000000278b2000 	/System/Library/Frameworks/CoreServices.framework/Versions/A/Frameworks/OSServices.framework/Versions/A/OSServices
0x00000000278b2000 	/System/Library/Frameworks/CoreServices.framework/Versions/A/Frameworks/SearchKit.framework/Versions/A/SearchKit
0x00000000278b2000 	/System/Library/Frameworks/CoreServices.framework/Versions/A/Frameworks/AE.framework/Versions/A/AE
0x00000000278b2000 	/System/Library/Frameworks/CoreServices.framework/Versions/A/Frameworks/LaunchServices.framework/Versions/A/LaunchServices
0x00000000278b2000 	/System/Library/Frameworks/CoreServices.framework/Versions/A/Frameworks/DictionaryServices.framework/Versions/A/DictionaryServices
0x00000000278b2000 	/System/Library/Frameworks/CoreServices.framework/Versions/A/Frameworks/SharedFileList.framework/Versions/A/SharedFileList
0x00000000278b2000 	/System/Library/Frameworks/NetFS.framework/Versions/A/NetFS
0x00000000278b2000 	/System/Library/PrivateFrameworks/NetAuth.framework/Versions/A/NetAuth
0x00000000278b2000 	/System/Library/PrivateFrameworks/login.framework/Versions/A/Frameworks/loginsupport.framework/Versions/A/loginsupport
0x00000000278b2000 	/System/Library/PrivateFrameworks/TCC.framework/Versions/A/TCC
0x00000000278b2000 	/usr/lib/libmecabra.dylib
0x00000000278b2000 	/System/Library/Frameworks/ApplicationServices.framework/Versions/A/Frameworks/ATS.framework/Versions/A/ATS
0x00000000278b2000 	/System/Library/Frameworks/ApplicationServices.framework/Versions/A/Frameworks/ColorSync.framework/Versions/A/ColorSync
0x00000000278b2000 	/System/Library/Frameworks/ApplicationServices.framework/Versions/A/Frameworks/HIServices.framework/Versions/A/HIServices
0x00000000278b2000 	/System/Library/Frameworks/ApplicationServices.framework/Versions/A/Frameworks/LangAnalysis.framework/Versions/A/LangAnalysis
0x00000000278b2000 	/System/Library/Frameworks/ApplicationServices.framework/Versions/A/Frameworks/PrintCore.framework/Versions/A/PrintCore
0x00000000278b2000 	/System/Library/Frameworks/ApplicationServices.framework/Versions/A/Frameworks/QD.framework/Versions/A/QD
0x00000000278b2000 	/System/Library/Frameworks/ApplicationServices.framework/Versions/A/Frameworks/SpeechSynthesis.framework/Versions/A/SpeechSynthesis
0x00000000278b2000 	/System/Library/Frameworks/Accelerate.framework/Versions/A/Frameworks/vImage.framework/Versions/A/vImage
0x00000000278b2000 	/System/Library/Frameworks/Accelerate.framework/Versions/A/Frameworks/vecLib.framework/Versions/A/vecLib
0x00000000278b2000 	/System/Library/Frameworks/Accelerate.framework/Versions/A/Frameworks/vecLib.framework/Versions/A/libvDSP.dylib
0x00000000278b2000 	/System/Library/Frameworks/Accelerate.framework/Versions/A/Frameworks/vecLib.framework/Versions/A/libBNNS.dylib
0x00000000278b2000 	/System/Library/Frameworks/Accelerate.framework/Versions/A/Frameworks/vecLib.framework/Versions/A/libQuadrature.dylib
0x00000000278b2000 	/System/Library/Frameworks/Accelerate.framework/Versions/A/Frameworks/vecLib.framework/Versions/A/libvMisc.dylib
0x00000000278b2000 	/System/Library/Frameworks/Accelerate.framework/Versions/A/Frameworks/vecLib.framework/Versions/A/libLAPACK.dylib
0x00000000278b2000 	/System/Library/Frameworks/Accelerate.framework/Versions/A/Frameworks/vecLib.framework/Versions/A/libBLAS.dylib
0x00000000278b2000 	/System/Library/Frameworks/Accelerate.framework/Versions/A/Frameworks/vecLib.framework/Versions/A/libLinearAlgebra.dylib
0x00000000278b2000 	/System/Library/Frameworks/Accelerate.framework/Versions/A/Frameworks/vecLib.framework/Versions/A/libSparseBLAS.dylib
0x00000000278b2000 	/System/Library/Frameworks/ApplicationServices.framework/Versions/A/Frameworks/ATS.framework/Versions/A/Resources/libFontParser.dylib
0x00000000278b2000 	/System/Library/Frameworks/ApplicationServices.framework/Versions/A/Frameworks/ATS.framework/Versions/A/Resources/libFontRegistry.dylib
0x00000000278b2000 	/System/Library/Frameworks/ImageIO.framework/Versions/A/Resources/libJPEG.dylib
0x00000000278b2000 	/System/Library/Frameworks/ImageIO.framework/Versions/A/Resources/libTIFF.dylib
0x00000000278b2000 	/System/Library/Frameworks/ImageIO.framework/Versions/A/Resources/libPng.dylib
0x00000000278b2000 	/System/Library/Frameworks/ImageIO.framework/Versions/A/Resources/libGIF.dylib
0x00000000278b2000 	/System/Library/Frameworks/ImageIO.framework/Versions/A/Resources/libJP2.dylib
0x00000000278b2000 	/System/Library/Frameworks/ImageIO.framework/Versions/A/Resources/libRadiance.dylib
0x00000000278b2000 	/usr/lib/libcompression.dylib
0x00000000278b2000 	/System/Library/PrivateFrameworks/AppleJPEG.framework/Versions/A/AppleJPEG
0x00000000278b2000 	/usr/lib/libcups.2.dylib
0x00000000278b2000 	/System/Library/Frameworks/Kerberos.framework/Versions/A/Kerberos
0x00000000278b2000 	/System/Library/Frameworks/GSS.framework/Versions/A/GSS
0x00000000278b2000 	/usr/lib/libresolv.9.dylib
0x00000000278b2000 	/usr/lib/libiconv.2.dylib
0x00000000278b2000 	/System/Library/PrivateFrameworks/Heimdal.framework/Versions/A/Heimdal
0x00000000278b2000 	/usr/lib/libheimdal-asn1.dylib
0x00000000278b2000 	/System/Library/Frameworks/OpenDirectory.framework/Versions/A/OpenDirectory
0x00000000278b2000 	/System/Library/PrivateFrameworks/CommonAuth.framework/Versions/A/CommonAuth
0x00000000278b2000 	/System/Library/Frameworks/OpenDirectory.framework/Versions/A/Frameworks/CFOpenDirectory.framework/Versions/A/CFOpenDirectory
0x00000000278b2000 	/System/Library/Frameworks/SecurityFoundation.framework/Versions/A/SecurityFoundation
0x00000000278b2000 	/System/Library/PrivateFrameworks/LanguageModeling.framework/Versions/A/LanguageModeling
0x00000000278b2000 	/usr/lib/libmarisa.dylib
0x00000000278b2000 	/usr/lib/libChineseTokenizer.dylib
0x00000000278b2000 	/usr/lib/libcmph.dylib
0x00000000278b2000 	/System/Library/PrivateFrameworks/CoreEmoji.framework/Versions/A/CoreEmoji
0x00000000278b2000 	/System/Library/Frameworks/ServiceManagement.framework/Versions/A/ServiceManagement
0x00000000278b2000 	/usr/lib/libxslt.1.dylib
0x00000000278b2000 	/System/Library/Frameworks/Carbon.framework/Versions/A/Frameworks/Ink.framework/Versions/A/Ink
0x00000000278b2000 	/System/Library/PrivateFrameworks/TextureIO.framework/Versions/A/TextureIO
0x00000000278b2000 	/System/Library/Frameworks/Metal.framework/Versions/A/Metal
0x00000000278b2000 	/usr/lib/libate.dylib
0x00000000278b2000 	/System/Library/PrivateFrameworks/GPUCompiler.framework/libmetal_timestamp.dylib
0x00000000278b2000 	/System/Library/Frameworks/OpenGL.framework/Versions/A/Libraries/libCoreFSCache.dylib
0x00000000278b2000 	/System/Library/PrivateFrameworks/IOAccelerator.framework/Versions/A/IOAccelerator
0x00000000278b2000 	/System/Library/Frameworks/CoreVideo.framework/Versions/A/CoreVideo
0x00000000278b2000 	/usr/lib/libFosl_dynamic.dylib
0x00000000278b2000 	/System/Library/PrivateFrameworks/MetalPerformanceShaders.framework/Versions/A/MetalPerformanceShaders
0x00000000278b2000 	/System/Library/PrivateFrameworks/FaceCore.framework/Versions/A/FaceCore
0x00000000278b2000 	/System/Library/Frameworks/OpenCL.framework/Versions/A/OpenCL
0x00000000278b2000 	/System/Library/Frameworks/OpenGL.framework/Versions/A/Libraries/libGLU.dylib
0x00000000278b2000 	/System/Library/Frameworks/OpenGL.framework/Versions/A/Libraries/libGFXShared.dylib
0x00000000278b2000 	/System/Library/Frameworks/OpenGL.framework/Versions/A/Libraries/libGL.dylib
0x00000000278b2000 	/System/Library/Frameworks/OpenGL.framework/Versions/A/Libraries/libGLImage.dylib
0x00000000278b2000 	/System/Library/Frameworks/OpenGL.framework/Versions/A/Libraries/libCVMSPluginSupport.dylib
0x00000000278b2000 	/System/Library/Frameworks/OpenGL.framework/Versions/A/Libraries/libCoreVMClient.dylib
0x00000000278b2000 	/System/Library/PrivateFrameworks/CrashReporterSupport.framework/Versions/A/CrashReporterSupport
0x00000000278b2000 	/System/Library/PrivateFrameworks/Sharing.framework/Versions/A/Sharing
0x00000000278b2000 	/System/Library/PrivateFrameworks/IconServices.framework/Versions/A/IconServices
0x00000000278b2000 	/System/Library/PrivateFrameworks/ProtocolBuffer.framework/Versions/A/ProtocolBuffer
0x00000000278b2000 	/System/Library/PrivateFrameworks/Apple80211.framework/Versions/A/Apple80211
0x00000000278b2000 	/System/Library/Frameworks/CoreWLAN.framework/Versions/A/CoreWLAN
0x00000000278b2000 	/System/Library/PrivateFrameworks/CoreUtils.framework/Versions/A/CoreUtils
0x00000000278b2000 	/System/Library/Frameworks/IOBluetooth.framework/Versions/A/IOBluetooth
0x00000000278b2000 	/System/Library/PrivateFrameworks/CoreWiFi.framework/Versions/A/CoreWiFi
0x00000000278b2000 	/System/Library/Frameworks/CoreBluetooth.framework/Versions/A/CoreBluetooth
0x00000000278b2000 	/System/Library/Frameworks/CoreDisplay.framework/Versions/A/CoreDisplay
0x00000000278b2000 	/System/Library/PrivateFrameworks/IOPresentment.framework/Versions/A/IOPresentment
0x00000000278b2000 	/System/Library/PrivateFrameworks/DebugSymbols.framework/Versions/A/DebugSymbols
0x00000000278b2000 	/System/Library/PrivateFrameworks/CoreSymbolication.framework/Versions/A/CoreSymbolication
0x00000000278b2000 	/System/Library/PrivateFrameworks/Symbolication.framework/Versions/A/Symbolication
0x00000000278b2000 	/System/Library/PrivateFrameworks/AppleFSCompression.framework/Versions/A/AppleFSCompression
0x00000000278b2000 	/System/Library/PrivateFrameworks/SpeechRecognitionCore.framework/Versions/A/SpeechRecognitionCore
0x00000000278b2000 	/System/Library/PrivateFrameworks/ChunkingLibrary.framework/Versions/A/ChunkingLibrary
0x0000000109e00000 	/Library/Java/JavaVirtualMachines/jdk1.8.0_101.jdk/Contents/Home/jre/lib/server/libjvm.dylib
0x00000000278b2000 	/usr/lib/libstdc++.6.dylib
0x0000000108dd9000 	/Library/Java/JavaVirtualMachines/jdk1.8.0_101.jdk/Contents/Home/jre/lib/libverify.dylib
0x000000010ad9d000 	/Library/Java/JavaVirtualMachines/jdk1.8.0_101.jdk/Contents/Home/jre/lib/libjava.dylib
0x000000010add2000 	/Library/Java/JavaVirtualMachines/jdk1.8.0_101.jdk/Contents/Home/jre/lib/libjdwp.dylib
0x0000000108de8000 	/Library/Java/JavaVirtualMachines/jdk1.8.0_101.jdk/Contents/Home/jre/lib/libnpt.dylib
0x0000000108df5000 	/Library/Java/JavaVirtualMachines/jdk1.8.0_101.jdk/Contents/Home/jre/lib/libzip.dylib
0x000000010eed3000 	/System/Library/Frameworks/JavaVM.framework/Frameworks/JavaRuntimeSupport.framework/JavaRuntimeSupport
0x000000010eeed000 	/System/Library/Frameworks/JavaVM.framework/Versions/A/Frameworks/JavaNativeFoundation.framework/Versions/A/JavaNativeFoundation
0x000000010ef02000 	/System/Library/Frameworks/JavaVM.framework/Versions/A/JavaVM
0x00000000278b2000 	/System/Library/Frameworks/Carbon.framework/Versions/A/Carbon
0x000000010ef0f000 	/System/Library/PrivateFrameworks/JavaLaunching.framework/Versions/A/JavaLaunching
0x00000000278b2000 	/System/Library/Frameworks/Carbon.framework/Versions/A/Frameworks/CommonPanels.framework/Versions/A/CommonPanels
0x00000000278b2000 	/System/Library/Frameworks/Carbon.framework/Versions/A/Frameworks/Help.framework/Versions/A/Help
0x00000000278b2000 	/System/Library/Frameworks/Carbon.framework/Versions/A/Frameworks/ImageCapture.framework/Versions/A/ImageCapture
0x00000000278b2000 	/System/Library/Frameworks/Carbon.framework/Versions/A/Frameworks/OpenScripting.framework/Versions/A/OpenScripting
0x00000000278b2000 	/System/Library/Frameworks/Carbon.framework/Versions/A/Frameworks/Print.framework/Versions/A/Print
0x00000000278b2000 	/System/Library/Frameworks/Carbon.framework/Versions/A/Frameworks/SecurityHI.framework/Versions/A/SecurityHI
0x000000010ef5b000 	/Library/Java/JavaVirtualMachines/jdk1.8.0_101.jdk/Contents/Home/jre/lib/libdt_socket.dylib
0x00000001109c4000 	/Library/Java/JavaVirtualMachines/jdk1.8.0_101.jdk/Contents/Home/jre/lib/libnet.dylib
0x00000001110f5000 	/Library/Java/JavaVirtualMachines/jdk1.8.0_101.jdk/Contents/Home/jre/lib/libsunec.dylib
0x0000000110bdb000 	/Library/Java/JavaVirtualMachines/jdk1.8.0_101.jdk/Contents/Home/jre/lib/libnio.dylib

VM Arguments:
jvm_args: -agentlib:jdwp=transport=dt_socket,suspend=y,address=localhost:55278 -ea -Dfile.encoding=UTF-8 
java_command: org.testng.remote.RemoteTestNG -serport 55277 -protocol json -d /Users/wayne/git/Giant Flag Test Automation/TestNGDemo/test-output /var/folders/pq/hbk8jbcd3tb3tcm3xlsbxrdw0000gn/T/testng-eclipse--894049658/testng-customsuite.xml
java_class_path (initial): /Applications/eclipse/plugins/org.testng.eclipse_6.9.13.201609291640/lib/testng-remote.jar:/Users/wayne/git/Giant Flag Test Automation/TestNGDemo/bin:/Users/wayne/Documents/myprojects/Selenium/Selenium Server/selenium-server-standalone-3.0.1.jar:/Applications/eclipse/plugins/org.testng.eclipse_6.9.13.201609291640/lib/testng.jar:/Applications/eclipse/plugins/org.testng.eclipse_6.9.13.201609291640/lib/jcommander.jar:/Applications/eclipse/plugins/org.testng.eclipse_6.9.13.201609291640/lib/bsh-2.0b4.jar:/Applications/eclipse/plugins/org.testng.eclipse_6.9.13.201609291640/lib/snakeyaml.jar
Launcher Type: SUN_STANDARD

Environment Variables:
PATH=/usr/bin:/bin:/usr/sbin:/sbin
SHELL=/bin/bash

Signal Handlers:
SIGSEGV: [libjvm.dylib+0x5af145], sa_mask[0]=11111111011111110111111111111111, sa_flags=SA_ONSTACK|SA_RESTART|SA_SIGINFO
SIGBUS: [libjvm.dylib+0x5af145], sa_mask[0]=11111111011111110111111111111111, sa_flags=SA_RESTART|SA_SIGINFO
SIGFPE: [libjvm.dylib+0x48694c], sa_mask[0]=11111111011111110111111111111111, sa_flags=SA_RESTART|SA_SIGINFO
SIGPIPE: [libjvm.dylib+0x48694c], sa_mask[0]=11111111011111110111111111111111, sa_flags=SA_RESTART|SA_SIGINFO
SIGXFSZ: [libjvm.dylib+0x48694c], sa_mask[0]=11111111011111110111111111111111, sa_flags=SA_RESTART|SA_SIGINFO
SIGILL: [libjvm.dylib+0x48694c], sa_mask[0]=11111111011111110111111111111111, sa_flags=SA_RESTART|SA_SIGINFO
SIGUSR1: SIG_DFL, sa_mask[0]=00000000000000000000000000000000, sa_flags=none
SIGUSR2: [libjvm.dylib+0x48646a], sa_mask[0]=00100000000000000000000000000000, sa_flags=SA_RESTART|SA_SIGINFO
SIGHUP: [libjvm.dylib+0x484a41], sa_mask[0]=11111111011111110111111111111111, sa_flags=SA_RESTART|SA_SIGINFO
SIGINT: [libjvm.dylib+0x484a41], sa_mask[0]=11111111011111110111111111111111, sa_flags=SA_RESTART|SA_SIGINFO
SIGTERM: [libjvm.dylib+0x484a41], sa_mask[0]=11111111011111110111111111111111, sa_flags=SA_RESTART|SA_SIGINFO
SIGQUIT: [libjvm.dylib+0x484a41], sa_mask[0]=11111111011111110111111111111111, sa_flags=SA_RESTART|SA_SIGINFO


---------------  S Y S T E M  ---------------

OS:Bsduname:Darwin 16.4.0 Darwin Kernel Version 16.4.0: Thu Dec 22 22:53:21 PST 2016; root:xnu-3789.41.3~3/RELEASE_X86_64 x86_64
rlimit: STACK 8192k, CORE 0k, NPROC 709, NOFILE 10240, AS infinity
load average:1.53 2.15 2.21

CPU:total 8 (4 cores per cpu, 2 threads per core) family 6 model 70 stepping 1, cmov, cx8, fxsr, mmx, sse, sse2, sse3, ssse3, sse4.1, sse4.2, popcnt, avx, avx2, aes, clmul, erms, lzcnt, ht, tsc, tscinvbit, bmi1, bmi2

Memory: 4k page, physical 16777216k(102836k free)

/proc/meminfo:


vm_info: Java HotSpot(TM) 64-Bit Server VM (25.101-b13) for bsd-amd64 JRE (1.8.0_101-b13), built on Jun 22 2016 02:42:15 by "java_re" with gcc 4.2.1 (Based on Apple Inc. build 5658) (LLVM build 2336.11.00)

time: Fri Feb 17 14:25:10 2017
elapsed time: 4 seconds (0d 0h 0m 4s)

